Base path: C:/Program Files/Unity/Editor/Data
Cmd: initializeCompiler
Cmd: preprocess
  insize=9667 outsize=1870 ok=1
Cmd: preprocess
  insize=2953 outsize=3473 ok=1
Cmd: preprocess
  insize=11459 outsize=690 ok=1
Cmd: preprocess
  insize=1546 outsize=545 ok=1
Cmd: preprocess
  insize=452 outsize=452 ok=1
Cmd: preprocess
  insize=2338 outsize=1801 ok=1
Cmd: preprocess
  insize=1683 outsize=1875 ok=1
Cmd: preprocess
  insize=484 outsize=1321 ok=1
Cmd: preprocess
  insize=1291 outsize=456 ok=1
Cmd: preprocess
  insize=4582 outsize=736 ok=1
Cmd: preprocess
  insize=11729 outsize=762 ok=1
Cmd: preprocess
  insize=1849 outsize=406 ok=1
Cmd: preprocess
  insize=3079 outsize=301 ok=1
Cmd: preprocess
  insize=1071 outsize=404 ok=1
Cmd: preprocess
  insize=2915 outsize=1519 ok=1
Cmd: preprocess
  insize=1136 outsize=363 ok=1
Cmd: preprocess
  insize=2963 outsize=388 ok=1
Cmd: preprocess
  insize=2138 outsize=1162 ok=1
Cmd: preprocess
  insize=3753 outsize=747 ok=1
Cmd: preprocess
  insize=1531 outsize=1299 ok=1
Cmd: preprocess
  insize=2912 outsize=714 ok=1
Cmd: preprocess
  insize=2120 outsize=459 ok=1
Cmd: preprocess
  insize=782 outsize=1289 ok=1
Cmd: preprocess
  insize=862 outsize=514 ok=1
Cmd: preprocess
  insize=1541 outsize=461 ok=1
Cmd: preprocess
  insize=2526 outsize=276 ok=1
Cmd: preprocess
  insize=2600 outsize=368 ok=1
Cmd: preprocess
  insize=4167 outsize=662 ok=1
Cmd: preprocess
  insize=12823 outsize=6297 ok=1
Cmd: preprocess
  insize=1518 outsize=1820 ok=1
Cmd: preprocess
  insize=2307 outsize=1076 ok=1
Cmd: preprocess
  insize=3433 outsize=2546 ok=1
Cmd: preprocess
  insize=3281 outsize=552 ok=1
Cmd: preprocess
  insize=3604 outsize=597 ok=1
Cmd: preprocess
  insize=1376 outsize=458 ok=1
Cmd: preprocess
  insize=7001 outsize=753 ok=1
Cmd: preprocess
  insize=1447 outsize=362 ok=1
Cmd: compileComputeKernel
  api=4 insize=1386 outsize=1561 ok=1
Cmd: preprocess
  insize=1097 outsize=958 ok=1
Cmd: preprocess
  insize=10039 outsize=3828 ok=1
Cmd: preprocess
  insize=3618 outsize=353 ok=1
Cmd: preprocess
  insize=5780 outsize=1782 ok=1
Cmd: compileComputeKernel
  api=4 insize=3182 outsize=1925 ok=1
Cmd: preprocess
  insize=990 outsize=408 ok=1
Cmd: preprocess
  insize=3113 outsize=747 ok=1
Cmd: preprocess
  insize=1025 outsize=349 ok=1
Cmd: preprocess
  insize=1664 outsize=439 ok=1
Cmd: preprocess
  insize=1539 outsize=315 ok=1
Cmd: preprocess
  insize=2005 outsize=321 ok=1
Cmd: preprocess
  insize=2188 outsize=281 ok=1
Cmd: preprocess
  insize=2379 outsize=1842 ok=1
Cmd: preprocess
  insize=1558 outsize=402 ok=1
Cmd: preprocess
  insize=1166 outsize=1056 ok=1
Cmd: preprocess
  insize=3005 outsize=3128 ok=1
Cmd: preprocess
  insize=2709 outsize=3231 ok=1
Cmd: preprocess
  insize=31347 outsize=1466 ok=1
Cmd: preprocess
  insize=1479 outsize=376 ok=1
Cmd: preprocess
  insize=2477 outsize=700 ok=1
Cmd: preprocess
  insize=1104 outsize=323 ok=1
Cmd: preprocess
  insize=4549 outsize=754 ok=1
Cmd: preprocess
  insize=741 outsize=288 ok=1
Cmd: preprocess
  insize=6695 outsize=929 ok=1
Cmd: preprocess
  insize=19171 outsize=3146 ok=1
Cmd: preprocess
  insize=2601 outsize=1306 ok=1
Cmd: preprocess
  insize=33774 outsize=324 ok=1
Cmd: preprocess
  insize=1349 outsize=315 ok=1
Cmd: preprocess
  insize=4766 outsize=525 ok=1
Cmd: preprocess
  insize=7066 outsize=798 ok=1
Cmd: preprocess
  insize=1135 outsize=322 ok=1
Cmd: preprocess
  insize=6134 outsize=1591 ok=1
Cmd: preprocess
  insize=934 outsize=279 ok=1
Cmd: preprocess
  insize=6596 outsize=468 ok=1
Cmd: preprocess
  insize=13994 outsize=1814 ok=1
Cmd: preprocess
  insize=1504 outsize=689 ok=1
Cmd: preprocess
  insize=1169 outsize=407 ok=1
Cmd: preprocess
  insize=6525 outsize=700 ok=1
Cmd: preprocess
  insize=1868 outsize=283 ok=1
Cmd: preprocess
  insize=3055 outsize=731 ok=1
Cmd: preprocess
  insize=10509 outsize=651 ok=1
Cmd: preprocess
  insize=4252 outsize=3548 ok=1
Cmd: preprocess
  insize=980 outsize=1190 ok=1
Cmd: preprocess
  insize=12256 outsize=2576 ok=1
Cmd: preprocess
  insize=3010 outsize=1261 ok=1
Cmd: preprocess
  insize=4145 outsize=528 ok=1
Cmd: preprocess
  insize=14430 outsize=2141 ok=1
Cmd: preprocess
  insize=2091 outsize=486 ok=1
Cmd: preprocess
  insize=1723 outsize=724 ok=1
Cmd: compileComputeKernel
  api=4 insize=1484 outsize=1533 ok=1
Cmd: preprocess
  insize=7090 outsize=2362 ok=1
Cmd: preprocess
  insize=2761 outsize=2888 ok=1
Cmd: preprocess
  insize=2757 outsize=2149 ok=1
Cmd: preprocess
  insize=2099 outsize=347 ok=1
Cmd: preprocess
  insize=2143 outsize=1001 ok=1
Cmd: preprocess
  insize=27159 outsize=3684 ok=1
Cmd: preprocess
  insize=2202 outsize=1414 ok=1
Cmd: preprocess
  insize=811 outsize=347 ok=1
Cmd: preprocess
  insize=559 outsize=220 ok=1
Cmd: preprocess
  insize=7715 outsize=2629 ok=1
Cmd: preprocess
  insize=4245 outsize=552 ok=1
Cmd: preprocess
  insize=1652 outsize=346 ok=1
Cmd: preprocess
  insize=2717 outsize=2109 ok=1
Cmd: preprocess
  insize=2312 outsize=353 ok=1
Cmd: preprocess
  insize=6821 outsize=3963 ok=1
Cmd: preprocess
  insize=1316 outsize=409 ok=1
Cmd: preprocess
  insize=1336 outsize=484 ok=1
Cmd: preprocess
  insize=776 outsize=234 ok=1
Cmd: preprocess
  insize=6188 outsize=820 ok=1
Cmd: preprocess
  insize=6375 outsize=703 ok=1
Cmd: preprocess
  insize=620 outsize=331 ok=1
Cmd: preprocess
  insize=8990 outsize=986 ok=1
Cmd: preprocess
  insize=1608 outsize=582 ok=1
Cmd: preprocess
  insize=33783 outsize=324 ok=1
Cmd: preprocess
  insize=5544 outsize=1822 ok=1
Cmd: preprocess
  insize=7098 outsize=2372 ok=1
Cmd: preprocess
  insize=7211 outsize=305 ok=1
Cmd: preprocess
  insize=5733 outsize=466 ok=1
Cmd: preprocess
  insize=3136 outsize=1687 ok=1
Cmd: preprocess
  insize=3468 outsize=1607 ok=1
Cmd: preprocess
  insize=3299 outsize=229 ok=1
Cmd: preprocess
  insize=4645 outsize=827 ok=1
Cmd: preprocess
  insize=5631 outsize=859 ok=1
Cmd: preprocess
  insize=1530 outsize=715 ok=1
Cmd: preprocess
  insize=1458 outsize=458 ok=1
Cmd: preprocess
  insize=6239 outsize=1242 ok=1
Cmd: preprocess
  insize=855 outsize=359 ok=1
Cmd: preprocess
  insize=757 outsize=285 ok=1
Cmd: preprocess
  insize=10047 outsize=3838 ok=1
Cmd: preprocess
  insize=1174 outsize=463 ok=1
Cmd: compileComputeKernel
  api=4 insize=2285 outsize=1341 ok=1
Cmd: preprocess
  insize=4583 outsize=623 ok=1
Cmd: preprocess
  insize=1000 outsize=347 ok=1
Cmd: preprocess
  insize=3092 outsize=1462 ok=1
Cmd: preprocess
  insize=1613 outsize=345 ok=1
Cmd: preprocess
  insize=2219 outsize=1023 ok=1
Cmd: preprocess
  insize=1893 outsize=902 ok=1
Cmd: preprocess
  insize=3548 outsize=1244 ok=1
Cmd: preprocess
  insize=5469 outsize=729 ok=1
Cmd: preprocess
  insize=5525 outsize=3968 ok=1
Cmd: preprocess
  insize=1222 outsize=547 ok=1
Cmd: preprocess
  insize=576 outsize=1022 ok=1
Cmd: preprocess
  insize=1295 outsize=440 ok=1
Cmd: preprocess
  insize=638 outsize=313 ok=1
Cmd: preprocess
  insize=852 outsize=365 ok=1
Cmd: preprocess
  insize=1634 outsize=591 ok=1
Cmd: preprocess
  insize=5733 outsize=847 ok=1
